{"D:\\Users\\alex\\Desktop\\nodejs-homework-template\\controllers\\index.js": {"path":"D:\\Users\\alex\\Desktop\\nodejs-homework-template\\controllers\\index.js","statementMap":{"0":{"start":{"line":1,"column":17},"end":{"line":1,"column":38}},"1":{"start":{"line":2,"column":14},"end":{"line":2,"column":32}},"2":{"start":{"line":4,"column":0},"end":{"line":7,"column":2}}},"fnMap":{},"branchMap":{},"s":{"0":2,"1":2,"2":2},"f":{},"b":{},"_coverageSchema":"1a1c01bbd47fc00a2c39e90264f33305004495a9","hash":"5fcaf69fc3ab56b68d66e1b78c11160f749b7203"}
,"D:\\Users\\alex\\Desktop\\nodejs-homework-template\\controllers\\contacts\\addContact.js": {"path":"D:\\Users\\alex\\Desktop\\nodejs-homework-template\\controllers\\contacts\\addContact.js","statementMap":{"0":{"start":{"line":2,"column":20},"end":{"line":2,"column":43}},"1":{"start":{"line":3,"column":19},"end":{"line":16,"column":1}},"2":{"start":{"line":4,"column":18},"end":{"line":4,"column":26}},"3":{"start":{"line":6,"column":2},"end":{"line":15,"column":3}},"4":{"start":{"line":7,"column":19},"end":{"line":7,"column":68}},"5":{"start":{"line":8,"column":4},"end":{"line":12,"column":7}},"6":{"start":{"line":14,"column":4},"end":{"line":14,"column":16}},"7":{"start":{"line":18,"column":0},"end":{"line":18,"column":28}}},"fnMap":{"0":{"name":"(anonymous_0)","decl":{"start":{"line":3,"column":19},"end":{"line":3,"column":20}},"loc":{"start":{"line":3,"column":45},"end":{"line":16,"column":1}},"line":3}},"branchMap":{},"s":{"0":2,"1":2,"2":0,"3":0,"4":0,"5":0,"6":0,"7":2},"f":{"0":0},"b":{},"_coverageSchema":"1a1c01bbd47fc00a2c39e90264f33305004495a9","hash":"48451955db52e221a357dc6b3f65b545b9e434cf"}
,"D:\\Users\\alex\\Desktop\\nodejs-homework-template\\controllers\\contacts\\getAll.js": {"path":"D:\\Users\\alex\\Desktop\\nodejs-homework-template\\controllers\\contacts\\getAll.js","statementMap":{"0":{"start":{"line":2,"column":20},"end":{"line":2,"column":43}},"1":{"start":{"line":3,"column":15},"end":{"line":22,"column":1}},"2":{"start":{"line":4,"column":18},"end":{"line":4,"column":26}},"3":{"start":{"line":5,"column":35},"end":{"line":5,"column":44}},"4":{"start":{"line":6,"column":15},"end":{"line":6,"column":33}},"5":{"start":{"line":7,"column":19},"end":{"line":10,"column":35}},"6":{"start":{"line":11,"column":2},"end":{"line":21,"column":3}},"7":{"start":{"line":12,"column":4},"end":{"line":18,"column":7}},"8":{"start":{"line":20,"column":4},"end":{"line":20,"column":16}},"9":{"start":{"line":24,"column":0},"end":{"line":24,"column":24}}},"fnMap":{"0":{"name":"(anonymous_0)","decl":{"start":{"line":3,"column":15},"end":{"line":3,"column":16}},"loc":{"start":{"line":3,"column":41},"end":{"line":22,"column":1}},"line":3}},"branchMap":{"0":{"loc":{"start":{"line":5,"column":10},"end":{"line":5,"column":18}},"type":"default-arg","locations":[{"start":{"line":5,"column":17},"end":{"line":5,"column":18}}],"line":5},"1":{"loc":{"start":{"line":5,"column":20},"end":{"line":5,"column":30}},"type":"default-arg","locations":[{"start":{"line":5,"column":28},"end":{"line":5,"column":30}}],"line":5}},"s":{"0":2,"1":2,"2":0,"3":0,"4":0,"5":0,"6":0,"7":0,"8":0,"9":2},"f":{"0":0},"b":{"0":[0],"1":[0]},"_coverageSchema":"1a1c01bbd47fc00a2c39e90264f33305004495a9","hash":"ed6f74104bd1d3037c94e32a483434fdddafcc4d"}
,"D:\\Users\\alex\\Desktop\\nodejs-homework-template\\controllers\\contacts\\getById.js": {"path":"D:\\Users\\alex\\Desktop\\nodejs-homework-template\\controllers\\contacts\\getById.js","statementMap":{"0":{"start":{"line":1,"column":20},"end":{"line":1,"column":42}},"1":{"start":{"line":3,"column":20},"end":{"line":3,"column":43}},"2":{"start":{"line":4,"column":16},"end":{"line":19,"column":1}},"3":{"start":{"line":5,"column":2},"end":{"line":18,"column":3}},"4":{"start":{"line":6,"column":19},"end":{"line":6,"column":29}},"5":{"start":{"line":7,"column":19},"end":{"line":7,"column":45}},"6":{"start":{"line":8,"column":4},"end":{"line":10,"column":5}},"7":{"start":{"line":9,"column":6},"end":{"line":9,"column":64}},"8":{"start":{"line":11,"column":4},"end":{"line":15,"column":7}},"9":{"start":{"line":17,"column":4},"end":{"line":17,"column":16}},"10":{"start":{"line":21,"column":0},"end":{"line":21,"column":25}}},"fnMap":{"0":{"name":"(anonymous_0)","decl":{"start":{"line":4,"column":16},"end":{"line":4,"column":17}},"loc":{"start":{"line":4,"column":42},"end":{"line":19,"column":1}},"line":4}},"branchMap":{"0":{"loc":{"start":{"line":8,"column":4},"end":{"line":10,"column":5}},"type":"if","locations":[{"start":{"line":8,"column":4},"end":{"line":10,"column":5}},{"start":{},"end":{}}],"line":8}},"s":{"0":2,"1":2,"2":2,"3":0,"4":0,"5":0,"6":0,"7":0,"8":0,"9":0,"10":2},"f":{"0":0},"b":{"0":[0,0]},"_coverageSchema":"1a1c01bbd47fc00a2c39e90264f33305004495a9","hash":"cc56533ee8444ba134b8bb06ef084b870a39f5f0"}
,"D:\\Users\\alex\\Desktop\\nodejs-homework-template\\controllers\\contacts\\index.js": {"path":"D:\\Users\\alex\\Desktop\\nodejs-homework-template\\controllers\\contacts\\index.js","statementMap":{"0":{"start":{"line":1,"column":15},"end":{"line":1,"column":34}},"1":{"start":{"line":2,"column":16},"end":{"line":2,"column":36}},"2":{"start":{"line":3,"column":19},"end":{"line":3,"column":42}},"3":{"start":{"line":4,"column":22},"end":{"line":4,"column":48}},"4":{"start":{"line":5,"column":19},"end":{"line":5,"column":42}},"5":{"start":{"line":6,"column":30},"end":{"line":6,"column":64}},"6":{"start":{"line":7,"column":0},"end":{"line":14,"column":2}}},"fnMap":{},"branchMap":{},"s":{"0":2,"1":2,"2":2,"3":2,"4":2,"5":2,"6":2},"f":{},"b":{},"_coverageSchema":"1a1c01bbd47fc00a2c39e90264f33305004495a9","hash":"438d49009c3e40d5d71fc8297eba0b62f5011bf7"}
,"D:\\Users\\alex\\Desktop\\nodejs-homework-template\\controllers\\contacts\\removeContact.js": {"path":"D:\\Users\\alex\\Desktop\\nodejs-homework-template\\controllers\\contacts\\removeContact.js","statementMap":{"0":{"start":{"line":1,"column":20},"end":{"line":1,"column":42}},"1":{"start":{"line":3,"column":20},"end":{"line":3,"column":43}},"2":{"start":{"line":4,"column":22},"end":{"line":22,"column":1}},"3":{"start":{"line":5,"column":2},"end":{"line":21,"column":3}},"4":{"start":{"line":6,"column":19},"end":{"line":6,"column":29}},"5":{"start":{"line":7,"column":19},"end":{"line":7,"column":54}},"6":{"start":{"line":8,"column":4},"end":{"line":10,"column":5}},"7":{"start":{"line":9,"column":6},"end":{"line":9,"column":64}},"8":{"start":{"line":11,"column":4},"end":{"line":18,"column":7}},"9":{"start":{"line":20,"column":4},"end":{"line":20,"column":16}},"10":{"start":{"line":23,"column":0},"end":{"line":23,"column":31}}},"fnMap":{"0":{"name":"(anonymous_0)","decl":{"start":{"line":4,"column":22},"end":{"line":4,"column":23}},"loc":{"start":{"line":4,"column":48},"end":{"line":22,"column":1}},"line":4}},"branchMap":{"0":{"loc":{"start":{"line":8,"column":4},"end":{"line":10,"column":5}},"type":"if","locations":[{"start":{"line":8,"column":4},"end":{"line":10,"column":5}},{"start":{},"end":{}}],"line":8}},"s":{"0":2,"1":2,"2":2,"3":0,"4":0,"5":0,"6":0,"7":0,"8":0,"9":0,"10":2},"f":{"0":0},"b":{"0":[0,0]},"_coverageSchema":"1a1c01bbd47fc00a2c39e90264f33305004495a9","hash":"8b74964f9eab17dc4c0ecfe25e75a034c5e7c30f"}
,"D:\\Users\\alex\\Desktop\\nodejs-homework-template\\controllers\\contacts\\updateById.js": {"path":"D:\\Users\\alex\\Desktop\\nodejs-homework-template\\controllers\\contacts\\updateById.js","statementMap":{"0":{"start":{"line":1,"column":20},"end":{"line":1,"column":42}},"1":{"start":{"line":3,"column":20},"end":{"line":3,"column":43}},"2":{"start":{"line":4,"column":19},"end":{"line":24,"column":1}},"3":{"start":{"line":5,"column":2},"end":{"line":23,"column":3}},"4":{"start":{"line":6,"column":19},"end":{"line":6,"column":29}},"5":{"start":{"line":7,"column":19},"end":{"line":7,"column":27}},"6":{"start":{"line":8,"column":19},"end":{"line":8,"column":75}},"7":{"start":{"line":9,"column":4},"end":{"line":9,"column":24}},"8":{"start":{"line":10,"column":4},"end":{"line":12,"column":5}},"9":{"start":{"line":11,"column":6},"end":{"line":11,"column":64}},"10":{"start":{"line":13,"column":4},"end":{"line":20,"column":7}},"11":{"start":{"line":22,"column":4},"end":{"line":22,"column":16}},"12":{"start":{"line":25,"column":0},"end":{"line":25,"column":28}}},"fnMap":{"0":{"name":"(anonymous_0)","decl":{"start":{"line":4,"column":19},"end":{"line":4,"column":20}},"loc":{"start":{"line":4,"column":45},"end":{"line":24,"column":1}},"line":4}},"branchMap":{"0":{"loc":{"start":{"line":10,"column":4},"end":{"line":12,"column":5}},"type":"if","locations":[{"start":{"line":10,"column":4},"end":{"line":12,"column":5}},{"start":{},"end":{}}],"line":10}},"s":{"0":2,"1":2,"2":2,"3":0,"4":0,"5":0,"6":0,"7":0,"8":0,"9":0,"10":0,"11":0,"12":2},"f":{"0":0},"b":{"0":[0,0]},"_coverageSchema":"1a1c01bbd47fc00a2c39e90264f33305004495a9","hash":"3c041366f6ac531a122a206411467136e3e28d32"}
,"D:\\Users\\alex\\Desktop\\nodejs-homework-template\\controllers\\contacts\\updateFavoriteContact.js": {"path":"D:\\Users\\alex\\Desktop\\nodejs-homework-template\\controllers\\contacts\\updateFavoriteContact.js","statementMap":{"0":{"start":{"line":1,"column":20},"end":{"line":1,"column":42}},"1":{"start":{"line":3,"column":20},"end":{"line":3,"column":43}},"2":{"start":{"line":4,"column":30},"end":{"line":24,"column":1}},"3":{"start":{"line":5,"column":2},"end":{"line":23,"column":3}},"4":{"start":{"line":6,"column":19},"end":{"line":6,"column":29}},"5":{"start":{"line":7,"column":25},"end":{"line":7,"column":33}},"6":{"start":{"line":8,"column":19},"end":{"line":8,"column":79}},"7":{"start":{"line":9,"column":4},"end":{"line":9,"column":24}},"8":{"start":{"line":10,"column":4},"end":{"line":12,"column":5}},"9":{"start":{"line":11,"column":6},"end":{"line":11,"column":64}},"10":{"start":{"line":13,"column":4},"end":{"line":20,"column":7}},"11":{"start":{"line":22,"column":4},"end":{"line":22,"column":16}},"12":{"start":{"line":25,"column":0},"end":{"line":25,"column":39}}},"fnMap":{"0":{"name":"(anonymous_0)","decl":{"start":{"line":4,"column":30},"end":{"line":4,"column":31}},"loc":{"start":{"line":4,"column":56},"end":{"line":24,"column":1}},"line":4}},"branchMap":{"0":{"loc":{"start":{"line":10,"column":4},"end":{"line":12,"column":5}},"type":"if","locations":[{"start":{"line":10,"column":4},"end":{"line":12,"column":5}},{"start":{},"end":{}}],"line":10}},"s":{"0":2,"1":2,"2":2,"3":0,"4":0,"5":0,"6":0,"7":0,"8":0,"9":0,"10":0,"11":0,"12":2},"f":{"0":0},"b":{"0":[0,0]},"_coverageSchema":"1a1c01bbd47fc00a2c39e90264f33305004495a9","hash":"9fc93462d839f6e031786fdf2b5e49b29b2b6283"}
,"D:\\Users\\alex\\Desktop\\nodejs-homework-template\\controllers\\users\\currentUser.js": {"path":"D:\\Users\\alex\\Desktop\\nodejs-homework-template\\controllers\\users\\currentUser.js","statementMap":{"0":{"start":{"line":6,"column":20},"end":{"line":22,"column":1}},"1":{"start":{"line":7,"column":34},"end":{"line":7,"column":42}},"2":{"start":{"line":8,"column":2},"end":{"line":21,"column":3}},"3":{"start":{"line":9,"column":4},"end":{"line":18,"column":7}},"4":{"start":{"line":20,"column":4},"end":{"line":20,"column":16}},"5":{"start":{"line":23,"column":0},"end":{"line":23,"column":29}}},"fnMap":{"0":{"name":"(anonymous_0)","decl":{"start":{"line":6,"column":20},"end":{"line":6,"column":21}},"loc":{"start":{"line":6,"column":46},"end":{"line":22,"column":1}},"line":6}},"branchMap":{},"s":{"0":2,"1":0,"2":0,"3":0,"4":0,"5":2},"f":{"0":0},"b":{},"_coverageSchema":"1a1c01bbd47fc00a2c39e90264f33305004495a9","hash":"e078f26badf5bb7f1e4e213263b4e01449bb5252"}
,"D:\\Users\\alex\\Desktop\\nodejs-homework-template\\controllers\\users\\index.js": {"path":"D:\\Users\\alex\\Desktop\\nodejs-homework-template\\controllers\\users\\index.js","statementMap":{"0":{"start":{"line":1,"column":15},"end":{"line":1,"column":34}},"1":{"start":{"line":2,"column":14},"end":{"line":2,"column":32}},"2":{"start":{"line":3,"column":20},"end":{"line":3,"column":44}},"3":{"start":{"line":4,"column":15},"end":{"line":4,"column":34}},"4":{"start":{"line":5,"column":27},"end":{"line":5,"column":58}},"5":{"start":{"line":6,"column":21},"end":{"line":6,"column":46}},"6":{"start":{"line":7,"column":20},"end":{"line":7,"column":44}},"7":{"start":{"line":8,"column":20},"end":{"line":8,"column":44}},"8":{"start":{"line":9,"column":0},"end":{"line":18,"column":2}}},"fnMap":{},"branchMap":{},"s":{"0":2,"1":2,"2":2,"3":2,"4":2,"5":2,"6":2,"7":2,"8":2},"f":{},"b":{},"_coverageSchema":"1a1c01bbd47fc00a2c39e90264f33305004495a9","hash":"24d2e56105aafd98c04f3618250d5166322b2da2"}
,"D:\\Users\\alex\\Desktop\\nodejs-homework-template\\controllers\\users\\login.js": {"path":"D:\\Users\\alex\\Desktop\\nodejs-homework-template\\controllers\\users\\login.js","statementMap":{"0":{"start":{"line":6,"column":17},"end":{"line":6,"column":42}},"1":{"start":{"line":10,"column":14},"end":{"line":36,"column":1}},"2":{"start":{"line":11,"column":2},"end":{"line":35,"column":3}},"3":{"start":{"line":12,"column":18},"end":{"line":12,"column":52}},"4":{"start":{"line":28,"column":4},"end":{"line":32,"column":7}},"5":{"start":{"line":34,"column":4},"end":{"line":34,"column":16}},"6":{"start":{"line":37,"column":0},"end":{"line":37,"column":23}}},"fnMap":{"0":{"name":"(anonymous_0)","decl":{"start":{"line":10,"column":14},"end":{"line":10,"column":15}},"loc":{"start":{"line":10,"column":40},"end":{"line":36,"column":1}},"line":10}},"branchMap":{},"s":{"0":2,"1":2,"2":1,"3":1,"4":1,"5":0,"6":2},"f":{"0":1},"b":{},"_coverageSchema":"1a1c01bbd47fc00a2c39e90264f33305004495a9","hash":"d3819a8871452075d8a1d011bbdcdcc2dc1ffd84"}
,"D:\\Users\\alex\\Desktop\\nodejs-homework-template\\controllers\\users\\logout.js": {"path":"D:\\Users\\alex\\Desktop\\nodejs-homework-template\\controllers\\users\\logout.js","statementMap":{"0":{"start":{"line":1,"column":17},"end":{"line":1,"column":40}},"1":{"start":{"line":3,"column":15},"end":{"line":11,"column":1}},"2":{"start":{"line":4,"column":2},"end":{"line":10,"column":3}},"3":{"start":{"line":5,"column":20},"end":{"line":5,"column":28}},"4":{"start":{"line":6,"column":4},"end":{"line":6,"column":55}},"5":{"start":{"line":7,"column":4},"end":{"line":7,"column":27}},"6":{"start":{"line":9,"column":4},"end":{"line":9,"column":16}},"7":{"start":{"line":13,"column":0},"end":{"line":13,"column":24}}},"fnMap":{"0":{"name":"(anonymous_0)","decl":{"start":{"line":3,"column":15},"end":{"line":3,"column":16}},"loc":{"start":{"line":3,"column":41},"end":{"line":11,"column":1}},"line":3}},"branchMap":{},"s":{"0":2,"1":2,"2":0,"3":0,"4":0,"5":0,"6":0,"7":2},"f":{"0":0},"b":{},"_coverageSchema":"1a1c01bbd47fc00a2c39e90264f33305004495a9","hash":"cb7e3bdad43b2e634caa4cdca19b4bc51bd97506"}
,"D:\\Users\\alex\\Desktop\\nodejs-homework-template\\controllers\\users\\resendEmail.js": {"path":"D:\\Users\\alex\\Desktop\\nodejs-homework-template\\controllers\\users\\resendEmail.js","statementMap":{"0":{"start":{"line":1,"column":17},"end":{"line":1,"column":40}},"1":{"start":{"line":2,"column":20},"end":{"line":2,"column":42}},"2":{"start":{"line":3,"column":22},"end":{"line":3,"column":46}},"3":{"start":{"line":5,"column":20},"end":{"line":26,"column":1}},"4":{"start":{"line":6,"column":2},"end":{"line":25,"column":3}},"5":{"start":{"line":7,"column":22},"end":{"line":7,"column":30}},"6":{"start":{"line":8,"column":17},"end":{"line":8,"column":46}},"7":{"start":{"line":9,"column":4},"end":{"line":11,"column":5}},"8":{"start":{"line":10,"column":6},"end":{"line":10,"column":47}},"9":{"start":{"line":12,"column":34},"end":{"line":12,"column":38}},"10":{"start":{"line":13,"column":17},"end":{"line":17,"column":5}},"11":{"start":{"line":18,"column":4},"end":{"line":21,"column":7}},"12":{"start":{"line":22,"column":4},"end":{"line":22,"column":26}},"13":{"start":{"line":24,"column":4},"end":{"line":24,"column":16}},"14":{"start":{"line":28,"column":0},"end":{"line":28,"column":29}}},"fnMap":{"0":{"name":"(anonymous_0)","decl":{"start":{"line":5,"column":20},"end":{"line":5,"column":21}},"loc":{"start":{"line":5,"column":46},"end":{"line":26,"column":1}},"line":5}},"branchMap":{"0":{"loc":{"start":{"line":9,"column":4},"end":{"line":11,"column":5}},"type":"if","locations":[{"start":{"line":9,"column":4},"end":{"line":11,"column":5}},{"start":{},"end":{}}],"line":9}},"s":{"0":2,"1":2,"2":2,"3":2,"4":0,"5":0,"6":0,"7":0,"8":0,"9":0,"10":0,"11":0,"12":0,"13":0,"14":2},"f":{"0":0},"b":{"0":[0,0]},"_coverageSchema":"1a1c01bbd47fc00a2c39e90264f33305004495a9","hash":"f7b2b292ea0848c93a3ef1fb7d4c504df855ef8b"}
,"D:\\Users\\alex\\Desktop\\nodejs-homework-template\\controllers\\users\\signin.js": {"path":"D:\\Users\\alex\\Desktop\\nodejs-homework-template\\controllers\\users\\signin.js","statementMap":{"0":{"start":{"line":1,"column":17},"end":{"line":1,"column":42}},"1":{"start":{"line":2,"column":22},"end":{"line":2,"column":46}},"2":{"start":{"line":3,"column":15},"end":{"line":26,"column":1}},"3":{"start":{"line":4,"column":2},"end":{"line":25,"column":3}},"4":{"start":{"line":5,"column":17},"end":{"line":5,"column":52}},"5":{"start":{"line":6,"column":4},"end":{"line":6,"column":22}},"6":{"start":{"line":7,"column":52},"end":{"line":7,"column":56}},"7":{"start":{"line":8,"column":17},"end":{"line":12,"column":5}},"8":{"start":{"line":13,"column":4},"end":{"line":13,"column":26}},"9":{"start":{"line":14,"column":4},"end":{"line":22,"column":7}},"10":{"start":{"line":24,"column":4},"end":{"line":24,"column":16}},"11":{"start":{"line":27,"column":0},"end":{"line":27,"column":24}}},"fnMap":{"0":{"name":"(anonymous_0)","decl":{"start":{"line":3,"column":15},"end":{"line":3,"column":16}},"loc":{"start":{"line":3,"column":41},"end":{"line":26,"column":1}},"line":3}},"branchMap":{},"s":{"0":2,"1":2,"2":2,"3":2,"4":2,"5":1,"6":1,"7":1,"8":1,"9":1,"10":1,"11":2},"f":{"0":2},"b":{},"_coverageSchema":"1a1c01bbd47fc00a2c39e90264f33305004495a9","hash":"d1eb64a70df1e7df9fd08f0f3b492857adf4ccf6"}
,"D:\\Users\\alex\\Desktop\\nodejs-homework-template\\controllers\\users\\updateAvatar.js": {"path":"D:\\Users\\alex\\Desktop\\nodejs-homework-template\\controllers\\users\\updateAvatar.js","statementMap":{"0":{"start":{"line":1,"column":17},"end":{"line":1,"column":40}},"1":{"start":{"line":2,"column":13},"end":{"line":2,"column":28}},"2":{"start":{"line":3,"column":11},"end":{"line":3,"column":33}},"3":{"start":{"line":4,"column":13},"end":{"line":4,"column":28}},"4":{"start":{"line":5,"column":19},"end":{"line":5,"column":70}},"5":{"start":{"line":6,"column":21},"end":{"line":24,"column":1}},"6":{"start":{"line":7,"column":45},"end":{"line":7,"column":53}},"7":{"start":{"line":8,"column":2},"end":{"line":8,"column":26}},"8":{"start":{"line":9,"column":22},"end":{"line":9,"column":30}},"9":{"start":{"line":10,"column":20},"end":{"line":10,"column":56}},"10":{"start":{"line":11,"column":2},"end":{"line":23,"column":3}},"11":{"start":{"line":12,"column":25},"end":{"line":12,"column":57}},"12":{"start":{"line":13,"column":28},"end":{"line":13,"column":55}},"13":{"start":{"line":14,"column":4},"end":{"line":14,"column":46}},"14":{"start":{"line":15,"column":4},"end":{"line":15,"column":57}},"15":{"start":{"line":16,"column":22},"end":{"line":16,"column":63}},"16":{"start":{"line":18,"column":4},"end":{"line":18,"column":62}},"17":{"start":{"line":19,"column":4},"end":{"line":19,"column":28}},"18":{"start":{"line":21,"column":4},"end":{"line":21,"column":32}},"19":{"start":{"line":22,"column":4},"end":{"line":22,"column":16}},"20":{"start":{"line":26,"column":0},"end":{"line":26,"column":30}}},"fnMap":{"0":{"name":"(anonymous_0)","decl":{"start":{"line":6,"column":21},"end":{"line":6,"column":22}},"loc":{"start":{"line":6,"column":47},"end":{"line":24,"column":1}},"line":6}},"branchMap":{},"s":{"0":2,"1":2,"2":2,"3":2,"4":2,"5":2,"6":0,"7":0,"8":0,"9":0,"10":0,"11":0,"12":0,"13":0,"14":0,"15":0,"16":0,"17":0,"18":0,"19":0,"20":2},"f":{"0":0},"b":{},"_coverageSchema":"1a1c01bbd47fc00a2c39e90264f33305004495a9","hash":"6ca5d02455048b4ffa6d1c9329b39d2565f694bd"}
,"D:\\Users\\alex\\Desktop\\nodejs-homework-template\\controllers\\users\\updateSubscription.js": {"path":"D:\\Users\\alex\\Desktop\\nodejs-homework-template\\controllers\\users\\updateSubscription.js","statementMap":{"0":{"start":{"line":1,"column":20},"end":{"line":1,"column":42}},"1":{"start":{"line":2,"column":17},"end":{"line":2,"column":40}},"2":{"start":{"line":4,"column":27},"end":{"line":30,"column":1}},"3":{"start":{"line":5,"column":2},"end":{"line":29,"column":3}},"4":{"start":{"line":6,"column":20},"end":{"line":6,"column":28}},"5":{"start":{"line":7,"column":29},"end":{"line":7,"column":37}},"6":{"start":{"line":8,"column":19},"end":{"line":14,"column":5}},"7":{"start":{"line":15,"column":4},"end":{"line":15,"column":24}},"8":{"start":{"line":16,"column":4},"end":{"line":18,"column":5}},"9":{"start":{"line":17,"column":6},"end":{"line":17,"column":62}},"10":{"start":{"line":19,"column":4},"end":{"line":26,"column":7}},"11":{"start":{"line":28,"column":4},"end":{"line":28,"column":16}},"12":{"start":{"line":32,"column":0},"end":{"line":32,"column":36}}},"fnMap":{"0":{"name":"(anonymous_0)","decl":{"start":{"line":4,"column":27},"end":{"line":4,"column":28}},"loc":{"start":{"line":4,"column":53},"end":{"line":30,"column":1}},"line":4}},"branchMap":{"0":{"loc":{"start":{"line":16,"column":4},"end":{"line":18,"column":5}},"type":"if","locations":[{"start":{"line":16,"column":4},"end":{"line":18,"column":5}},{"start":{},"end":{}}],"line":16}},"s":{"0":2,"1":2,"2":2,"3":0,"4":0,"5":0,"6":0,"7":0,"8":0,"9":0,"10":0,"11":0,"12":2},"f":{"0":0},"b":{"0":[0,0]},"_coverageSchema":"1a1c01bbd47fc00a2c39e90264f33305004495a9","hash":"5c93c58e5faf17f5def915b27145d9c19e23ebd7"}
,"D:\\Users\\alex\\Desktop\\nodejs-homework-template\\controllers\\users\\verifyEmail.js": {"path":"D:\\Users\\alex\\Desktop\\nodejs-homework-template\\controllers\\users\\verifyEmail.js","statementMap":{"0":{"start":{"line":1,"column":17},"end":{"line":1,"column":40}},"1":{"start":{"line":2,"column":20},"end":{"line":2,"column":42}},"2":{"start":{"line":4,"column":20},"end":{"line":21,"column":1}},"3":{"start":{"line":5,"column":32},"end":{"line":5,"column":42}},"4":{"start":{"line":6,"column":2},"end":{"line":20,"column":3}},"5":{"start":{"line":7,"column":17},"end":{"line":7,"column":58}},"6":{"start":{"line":8,"column":4},"end":{"line":10,"column":5}},"7":{"start":{"line":9,"column":6},"end":{"line":9,"column":44}},"8":{"start":{"line":11,"column":4},"end":{"line":14,"column":7}},"9":{"start":{"line":15,"column":4},"end":{"line":17,"column":7}},"10":{"start":{"line":19,"column":4},"end":{"line":19,"column":16}},"11":{"start":{"line":23,"column":0},"end":{"line":23,"column":29}}},"fnMap":{"0":{"name":"(anonymous_0)","decl":{"start":{"line":4,"column":20},"end":{"line":4,"column":21}},"loc":{"start":{"line":4,"column":46},"end":{"line":21,"column":1}},"line":4}},"branchMap":{"0":{"loc":{"start":{"line":8,"column":4},"end":{"line":10,"column":5}},"type":"if","locations":[{"start":{"line":8,"column":4},"end":{"line":10,"column":5}},{"start":{},"end":{}}],"line":8}},"s":{"0":2,"1":2,"2":2,"3":0,"4":0,"5":0,"6":0,"7":0,"8":0,"9":0,"10":0,"11":2},"f":{"0":0},"b":{"0":[0,0]},"_coverageSchema":"1a1c01bbd47fc00a2c39e90264f33305004495a9","hash":"3eeba716f485f8506b81c5670cbd45082ae53286"}
,"D:\\Users\\alex\\Desktop\\nodejs-homework-template\\helpers\\index.js": {"path":"D:\\Users\\alex\\Desktop\\nodejs-homework-template\\helpers\\index.js","statementMap":{"0":{"start":{"line":1,"column":18},"end":{"line":1,"column":40}},"1":{"start":{"line":3,"column":0},"end":{"line":5,"column":2}}},"fnMap":{},"branchMap":{},"s":{"0":2,"1":2},"f":{},"b":{},"_coverageSchema":"1a1c01bbd47fc00a2c39e90264f33305004495a9","hash":"c8d4229f856ddf14cfbc6fdf8919514d3cd9169d"}
,"D:\\Users\\alex\\Desktop\\nodejs-homework-template\\helpers\\sendEmail.js": {"path":"D:\\Users\\alex\\Desktop\\nodejs-homework-template\\helpers\\sendEmail.js","statementMap":{"0":{"start":{"line":20,"column":19},"end":{"line":20,"column":40}},"1":{"start":{"line":21,"column":12},"end":{"line":21,"column":42}},"2":{"start":{"line":22,"column":28},"end":{"line":22,"column":72}},"3":{"start":{"line":23,"column":0},"end":{"line":23,"column":27}},"4":{"start":{"line":25,"column":12},"end":{"line":29,"column":2}},"5":{"start":{"line":31,"column":20},"end":{"line":33,"column":2}},"6":{"start":{"line":35,"column":18},"end":{"line":44,"column":1}},"7":{"start":{"line":36,"column":2},"end":{"line":43,"column":3}},"8":{"start":{"line":37,"column":4},"end":{"line":40,"column":7}},"9":{"start":{"line":42,"column":4},"end":{"line":42,"column":30}},"10":{"start":{"line":46,"column":0},"end":{"line":46,"column":27}}},"fnMap":{"0":{"name":"(anonymous_0)","decl":{"start":{"line":35,"column":18},"end":{"line":35,"column":19}},"loc":{"start":{"line":35,"column":34},"end":{"line":44,"column":1}},"line":35}},"branchMap":{},"s":{"0":2,"1":2,"2":2,"3":2,"4":2,"5":2,"6":2,"7":1,"8":1,"9":1,"10":2},"f":{"0":1},"b":{},"_coverageSchema":"1a1c01bbd47fc00a2c39e90264f33305004495a9","hash":"63ca8d1a501ead8f931a87da5544325a4bb52c77"}
,"D:\\Users\\alex\\Desktop\\nodejs-homework-template\\models\\contact.js": {"path":"D:\\Users\\alex\\Desktop\\nodejs-homework-template\\models\\contact.js","statementMap":{"0":{"start":{"line":1,"column":26},"end":{"line":1,"column":45}},"1":{"start":{"line":2,"column":12},"end":{"line":2,"column":26}},"2":{"start":{"line":3,"column":22},"end":{"line":25,"column":1}},"3":{"start":{"line":27,"column":18},"end":{"line":35,"column":2}},"4":{"start":{"line":37,"column":26},"end":{"line":39,"column":2}},"5":{"start":{"line":41,"column":16},"end":{"line":41,"column":47}},"6":{"start":{"line":43,"column":0},"end":{"line":43,"column":59}}},"fnMap":{},"branchMap":{},"s":{"0":2,"1":2,"2":2,"3":2,"4":2,"5":2,"6":2},"f":{},"b":{},"_coverageSchema":"1a1c01bbd47fc00a2c39e90264f33305004495a9","hash":"5280d727137d34f829a7a49aa18d50a2936c7601"}
,"D:\\Users\\alex\\Desktop\\nodejs-homework-template\\models\\index.js": {"path":"D:\\Users\\alex\\Desktop\\nodejs-homework-template\\models\\index.js","statementMap":{"0":{"start":{"line":1,"column":20},"end":{"line":1,"column":40}},"1":{"start":{"line":2,"column":17},"end":{"line":2,"column":34}},"2":{"start":{"line":3,"column":0},"end":{"line":6,"column":2}}},"fnMap":{},"branchMap":{},"s":{"0":2,"1":2,"2":2},"f":{},"b":{},"_coverageSchema":"1a1c01bbd47fc00a2c39e90264f33305004495a9","hash":"b253fe67bf33c7681a2ee2593e92abc2d12848cc"}
,"D:\\Users\\alex\\Desktop\\nodejs-homework-template\\models\\user.js": {"path":"D:\\Users\\alex\\Desktop\\nodejs-homework-template\\models\\user.js","statementMap":{"0":{"start":{"line":1,"column":26},"end":{"line":1,"column":45}},"1":{"start":{"line":2,"column":12},"end":{"line":2,"column":26}},"2":{"start":{"line":3,"column":19},"end":{"line":37,"column":1}},"3":{"start":{"line":39,"column":24},"end":{"line":47,"column":2}},"4":{"start":{"line":48,"column":23},"end":{"line":54,"column":2}},"5":{"start":{"line":55,"column":30},"end":{"line":59,"column":2}},"6":{"start":{"line":61,"column":13},"end":{"line":61,"column":38}},"7":{"start":{"line":63,"column":0},"end":{"line":68,"column":2}}},"fnMap":{},"branchMap":{},"s":{"0":2,"1":2,"2":2,"3":2,"4":2,"5":2,"6":2,"7":2},"f":{},"b":{},"_coverageSchema":"1a1c01bbd47fc00a2c39e90264f33305004495a9","hash":"c353798754365ac02d4bacf737d3d49482ad917a"}
,"D:\\Users\\alex\\Desktop\\nodejs-homework-template\\services\\index.js": {"path":"D:\\Users\\alex\\Desktop\\nodejs-homework-template\\services\\index.js","statementMap":{"0":{"start":{"line":1,"column":19},"end":{"line":1,"column":42}},"1":{"start":{"line":2,"column":18},"end":{"line":2,"column":40}},"2":{"start":{"line":3,"column":17},"end":{"line":6,"column":1}},"3":{"start":{"line":7,"column":0},"end":{"line":7,"column":26}}},"fnMap":{},"branchMap":{},"s":{"0":2,"1":2,"2":2,"3":2},"f":{},"b":{},"_coverageSchema":"1a1c01bbd47fc00a2c39e90264f33305004495a9","hash":"86385d61b60048633034d9c2f9755d2a69efd8ae"}
,"D:\\Users\\alex\\Desktop\\nodejs-homework-template\\services\\loginUser.js": {"path":"D:\\Users\\alex\\Desktop\\nodejs-homework-template\\services\\loginUser.js","statementMap":{"0":{"start":{"line":1,"column":17},"end":{"line":1,"column":37}},"1":{"start":{"line":2,"column":12},"end":{"line":2,"column":35}},"2":{"start":{"line":3,"column":20},"end":{"line":3,"column":42}},"3":{"start":{"line":4,"column":15},"end":{"line":4,"column":34}},"4":{"start":{"line":5,"column":15},"end":{"line":5,"column":32}},"5":{"start":{"line":6,"column":0},"end":{"line":6,"column":16}},"6":{"start":{"line":7,"column":23},"end":{"line":7,"column":34}},"7":{"start":{"line":9,"column":18},"end":{"line":28,"column":1}},"8":{"start":{"line":10,"column":15},"end":{"line":10,"column":44}},"9":{"start":{"line":11,"column":2},"end":{"line":13,"column":3}},"10":{"start":{"line":12,"column":4},"end":{"line":12,"column":56}},"11":{"start":{"line":15,"column":2},"end":{"line":17,"column":3}},"12":{"start":{"line":16,"column":4},"end":{"line":16,"column":46}},"13":{"start":{"line":19,"column":22},"end":{"line":19,"column":61}},"14":{"start":{"line":20,"column":2},"end":{"line":22,"column":3}},"15":{"start":{"line":21,"column":4},"end":{"line":21,"column":50}},"16":{"start":{"line":24,"column":18},"end":{"line":24,"column":34}},"17":{"start":{"line":25,"column":16},"end":{"line":25,"column":66}},"18":{"start":{"line":26,"column":2},"end":{"line":26,"column":52}},"19":{"start":{"line":27,"column":2},"end":{"line":27,"column":19}},"20":{"start":{"line":29,"column":0},"end":{"line":29,"column":27}}},"fnMap":{"0":{"name":"(anonymous_0)","decl":{"start":{"line":9,"column":18},"end":{"line":9,"column":19}},"loc":{"start":{"line":9,"column":49},"end":{"line":28,"column":1}},"line":9}},"branchMap":{"0":{"loc":{"start":{"line":11,"column":2},"end":{"line":13,"column":3}},"type":"if","locations":[{"start":{"line":11,"column":2},"end":{"line":13,"column":3}},{"start":{},"end":{}}],"line":11},"1":{"loc":{"start":{"line":11,"column":6},"end":{"line":11,"column":26}},"type":"binary-expr","locations":[{"start":{"line":11,"column":6},"end":{"line":11,"column":10}},{"start":{"line":11,"column":14},"end":{"line":11,"column":26}}],"line":11},"2":{"loc":{"start":{"line":15,"column":2},"end":{"line":17,"column":3}},"type":"if","locations":[{"start":{"line":15,"column":2},"end":{"line":17,"column":3}},{"start":{},"end":{}}],"line":15},"3":{"loc":{"start":{"line":20,"column":2},"end":{"line":22,"column":3}},"type":"if","locations":[{"start":{"line":20,"column":2},"end":{"line":22,"column":3}},{"start":{},"end":{}}],"line":20}},"s":{"0":2,"1":2,"2":2,"3":2,"4":2,"5":2,"6":2,"7":2,"8":0,"9":0,"10":0,"11":0,"12":0,"13":0,"14":0,"15":0,"16":0,"17":0,"18":0,"19":0,"20":2},"f":{"0":0},"b":{"0":[0,0],"1":[0,0],"2":[0,0],"3":[0,0]},"_coverageSchema":"1a1c01bbd47fc00a2c39e90264f33305004495a9","hash":"0c767add54d5391c0003af345a893538a284a367"}
,"D:\\Users\\alex\\Desktop\\nodejs-homework-template\\services\\signinUser.js": {"path":"D:\\Users\\alex\\Desktop\\nodejs-homework-template\\services\\signinUser.js","statementMap":{"0":{"start":{"line":1,"column":17},"end":{"line":1,"column":37}},"1":{"start":{"line":2,"column":24},"end":{"line":2,"column":41}},"2":{"start":{"line":3,"column":20},"end":{"line":3,"column":42}},"3":{"start":{"line":4,"column":15},"end":{"line":4,"column":34}},"4":{"start":{"line":5,"column":17},"end":{"line":5,"column":36}},"5":{"start":{"line":6,"column":15},"end":{"line":6,"column":30}},"6":{"start":{"line":8,"column":19},"end":{"line":24,"column":1}},"7":{"start":{"line":9,"column":15},"end":{"line":9,"column":60}},"8":{"start":{"line":10,"column":2},"end":{"line":12,"column":3}},"9":{"start":{"line":11,"column":4},"end":{"line":11,"column":49}},"10":{"start":{"line":13,"column":28},"end":{"line":13,"column":32}},"11":{"start":{"line":14,"column":19},"end":{"line":14,"column":36}},"12":{"start":{"line":15,"column":20},"end":{"line":15,"column":48}},"13":{"start":{"line":16,"column":23},"end":{"line":16,"column":65}},"14":{"start":{"line":18,"column":2},"end":{"line":23,"column":5}},"15":{"start":{"line":25,"column":0},"end":{"line":25,"column":28}}},"fnMap":{"0":{"name":"(anonymous_0)","decl":{"start":{"line":8,"column":19},"end":{"line":8,"column":20}},"loc":{"start":{"line":8,"column":39},"end":{"line":24,"column":1}},"line":8}},"branchMap":{"0":{"loc":{"start":{"line":10,"column":2},"end":{"line":12,"column":3}},"type":"if","locations":[{"start":{"line":10,"column":2},"end":{"line":12,"column":3}},{"start":{},"end":{}}],"line":10}},"s":{"0":2,"1":2,"2":2,"3":2,"4":2,"5":2,"6":2,"7":0,"8":0,"9":0,"10":0,"11":0,"12":0,"13":0,"14":0,"15":2},"f":{"0":0},"b":{"0":[0,0]},"_coverageSchema":"1a1c01bbd47fc00a2c39e90264f33305004495a9","hash":"d5bc1ce7b67989733b7e8a0e5425d834671e40e7"}
}
