TN:
SF:controllers/auth/index.js
FN:4,registration
FN:24,login
FN:41,logout
FNF:3
FNH:1
FNDA:3,registration
FNDA:0,login
FNDA:0,logout
DA:1,1
DA:2,1
DA:3,1
DA:4,1
DA:5,3
DA:6,3
DA:7,3
DA:8,3
DA:9,1
DA:10,1
DA:11,1
DA:12,1
DA:13,1
DA:14,1
DA:15,1
DA:16,1
DA:17,1
DA:18,1
DA:19,1
DA:20,1
DA:21,1
DA:22,1
DA:23,1
DA:24,1
DA:25,0
DA:26,0
DA:27,0
DA:28,0
DA:29,0
DA:30,0
DA:31,0
DA:32,0
DA:33,0
DA:34,0
DA:35,0
DA:36,0
DA:37,0
DA:38,0
DA:39,1
DA:40,1
DA:41,1
DA:42,0
DA:43,0
DA:44,0
DA:45,0
DA:46,1
DA:47,1
DA:48,1
LF:48
LH:30
BRDA:1,0,0,1
BRDA:4,1,0,3
BRDA:8,2,0,2
BRDA:8,3,0,1
BRF:4
BRH:4
end_of_record
TN:
SF:controllers/contacts/index.js
FN:4,getContacts
FN:12,getContactById
FN:26,addContact
FN:36,removeContact
FN:50,updateContact
FNF:5
FNH:1
FNDA:1,getContacts
FNDA:0,getContactById
FNDA:0,addContact
FNDA:0,removeContact
FNDA:0,updateContact
DA:1,1
DA:2,1
DA:3,1
DA:4,1
DA:5,1
DA:6,1
DA:7,1
DA:8,1
DA:9,1
DA:10,1
DA:11,1
DA:12,1
DA:13,0
DA:14,0
DA:15,0
DA:16,0
DA:17,0
DA:18,0
DA:19,0
DA:20,0
DA:21,0
DA:22,0
DA:23,0
DA:24,1
DA:25,1
DA:26,1
DA:27,0
DA:28,0
DA:29,0
DA:30,0
DA:31,0
DA:32,0
DA:33,0
DA:34,1
DA:35,1
DA:36,1
DA:37,0
DA:38,0
DA:39,0
DA:40,0
DA:41,0
DA:42,0
DA:43,0
DA:44,0
DA:45,0
DA:46,0
DA:47,0
DA:48,1
DA:49,1
DA:50,1
DA:51,0
DA:52,0
DA:53,0
DA:54,0
DA:55,0
DA:56,0
DA:57,0
DA:58,0
DA:59,0
DA:60,0
DA:61,0
DA:62,1
DA:63,1
DA:64,1
DA:65,1
DA:66,1
DA:67,1
DA:68,1
DA:69,1
DA:70,1
LF:70
LH:30
BRDA:1,0,0,1
BRDA:4,1,0,1
BRF:2
BRH:2
end_of_record
TN:
SF:lib/constants.js
FNF:0
FNH:0
DA:1,2
DA:2,2
DA:3,2
DA:4,2
DA:5,2
DA:6,2
DA:7,2
DA:8,2
DA:9,2
DA:10,2
DA:11,2
DA:12,2
DA:13,2
DA:14,2
DA:15,2
DA:16,2
DA:17,2
DA:18,2
DA:19,2
DA:20,2
DA:21,2
DA:22,2
DA:23,2
LF:23
LH:23
BRDA:1,0,0,2
BRF:1
BRH:1
end_of_record
TN:
SF:lib/db.js
FNF:0
FNH:0
DA:1,1
DA:2,1
DA:3,1
DA:4,1
DA:5,1
DA:6,1
DA:7,1
DA:8,0
DA:9,0
DA:10,1
DA:11,1
DA:12,1
DA:13,1
DA:14,1
DA:15,1
DA:16,1
DA:17,1
DA:18,1
DA:19,1
DA:20,1
DA:21,0
DA:22,1
DA:23,1
DA:24,1
DA:25,0
DA:26,1
DA:27,1
DA:28,1
DA:29,0
DA:30,0
DA:31,0
DA:32,1
DA:33,1
DA:34,1
LF:34
LH:27
BRDA:1,0,0,1
BRDA:7,1,0,0
BRDA:16,2,0,1
BRF:3
BRH:2
end_of_record
TN:
SF:middlewares/guard.js
FN:7,verifyToken
FN:16,guard
FNF:2
FNH:2
FNDA:1,verifyToken
FNDA:1,guard
DA:1,1
DA:2,1
DA:3,1
DA:4,1
DA:5,1
DA:6,1
DA:7,1
DA:8,1
DA:9,1
DA:10,1
DA:11,1
DA:12,0
DA:13,0
DA:14,1
DA:15,1
DA:16,1
DA:17,1
DA:18,1
DA:19,1
DA:20,1
DA:21,0
DA:22,0
DA:23,0
DA:24,0
DA:25,0
DA:26,0
DA:27,1
DA:28,1
DA:29,1
DA:30,0
DA:31,0
DA:32,0
DA:33,0
DA:34,0
DA:35,0
DA:36,1
DA:37,1
DA:38,1
DA:39,1
DA:40,1
LF:40
LH:26
BRDA:1,0,0,1
BRDA:7,1,0,1
BRDA:11,2,0,0
BRDA:16,3,0,1
BRDA:20,4,0,0
BRDA:29,5,0,0
BRF:6
BRH:3
end_of_record
TN:
SF:middlewares/validation.js
FN:37,validateCreate
FN:48,validateUpdate
FN:61,validateUpdateFavorite
FN:74,validateId
FN:81,validateQuery
FNF:5
FNH:1
FNDA:0,validateCreate
FNDA:0,validateUpdate
FNDA:0,validateUpdateFavorite
FNDA:0,validateId
FNDA:1,validateQuery
DA:1,1
DA:2,1
DA:3,1
DA:4,1
DA:5,1
DA:6,1
DA:7,1
DA:8,1
DA:9,1
DA:10,1
DA:11,1
DA:12,1
DA:13,1
DA:14,1
DA:15,1
DA:16,1
DA:17,1
DA:18,1
DA:19,1
DA:20,1
DA:21,1
DA:22,1
DA:23,1
DA:24,1
DA:25,1
DA:26,1
DA:27,1
DA:28,1
DA:29,1
DA:30,1
DA:31,1
DA:32,1
DA:33,1
DA:34,1
DA:35,1
DA:36,1
DA:37,1
DA:38,0
DA:39,0
DA:40,0
DA:41,0
DA:42,0
DA:43,0
DA:44,0
DA:45,0
DA:46,1
DA:47,1
DA:48,1
DA:49,0
DA:50,0
DA:51,0
DA:52,0
DA:53,0
DA:54,0
DA:55,0
DA:56,0
DA:57,0
DA:58,0
DA:59,1
DA:60,1
DA:61,1
DA:62,0
DA:63,0
DA:64,0
DA:65,0
DA:66,0
DA:67,0
DA:68,0
DA:69,0
DA:70,0
DA:71,0
DA:72,1
DA:73,1
DA:74,1
DA:75,0
DA:76,0
DA:77,0
DA:78,0
DA:79,1
DA:80,1
DA:81,1
DA:82,1
DA:83,1
DA:84,1
DA:85,0
DA:86,0
DA:87,0
DA:88,0
DA:89,1
DA:90,1
LF:90
LH:54
BRDA:1,0,0,1
BRDA:81,1,0,1
BRDA:84,2,0,0
BRF:3
BRH:2
end_of_record
TN:
SF:model/contact.js
FN:38,transform
FNF:1
FNH:0
FNDA:0,transform
DA:1,1
DA:2,1
DA:3,1
DA:4,1
DA:5,1
DA:6,1
DA:7,1
DA:8,1
DA:9,1
DA:10,1
DA:11,1
DA:12,1
DA:13,1
DA:14,1
DA:15,1
DA:16,1
DA:17,1
DA:18,1
DA:19,1
DA:20,1
DA:21,1
DA:22,1
DA:23,1
DA:24,1
DA:25,1
DA:26,1
DA:27,1
DA:28,1
DA:29,1
DA:30,1
DA:31,1
DA:32,1
DA:33,1
DA:34,1
DA:35,1
DA:36,1
DA:37,1
DA:38,1
DA:39,0
DA:40,0
DA:41,1
DA:42,1
DA:43,1
DA:44,1
DA:45,1
DA:46,1
DA:47,1
DA:48,0
DA:49,0
DA:50,0
DA:51,0
DA:52,1
DA:53,1
DA:54,1
DA:55,1
DA:56,1
LF:56
LH:50
BRDA:1,0,0,1
BRF:1
BRH:1
end_of_record
TN:
SF:model/user.js
FN:17,validate
FN:40,default
FN:54,transform
FN:71,userSchema.methods.isValidPassword
FNF:4
FNH:2
FNDA:1,validate
FNDA:1,default
FNDA:0,transform
FNDA:0,userSchema.methods.isValidPassword
DA:1,2
DA:2,2
DA:3,2
DA:4,2
DA:5,2
DA:6,2
DA:7,2
DA:8,2
DA:9,2
DA:10,2
DA:11,2
DA:12,2
DA:13,2
DA:14,2
DA:15,2
DA:16,2
DA:17,2
DA:18,1
DA:19,1
DA:20,2
DA:21,2
DA:22,2
DA:23,2
DA:24,2
DA:25,2
DA:26,2
DA:27,2
DA:28,2
DA:29,2
DA:30,2
DA:31,2
DA:32,2
DA:33,2
DA:34,2
DA:35,2
DA:36,2
DA:37,2
DA:38,2
DA:39,2
DA:40,2
DA:41,1
DA:42,2
DA:43,2
DA:44,2
DA:45,2
DA:46,2
DA:47,2
DA:48,2
DA:49,2
DA:50,2
DA:51,2
DA:52,2
DA:53,2
DA:54,2
DA:55,0
DA:56,0
DA:57,2
DA:58,2
DA:59,2
DA:60,2
DA:61,2
DA:62,2
DA:63,2
DA:64,1
DA:65,1
DA:66,1
DA:67,1
DA:68,1
DA:69,2
DA:70,2
DA:71,2
DA:72,0
DA:73,2
DA:74,2
DA:75,2
DA:76,2
DA:77,2
LF:77
LH:74
BRDA:1,0,0,2
BRDA:17,1,0,1
BRDA:40,2,0,1
BRDA:63,3,0,1
BRF:4
BRH:4
end_of_record
TN:
SF:repository/contacts.js
FN:5,listContacts
FN:29,getContactById
FN:40,removeContact
FN:45,addContact
FN:50,updateContact
FN:59,getStatisticsContacts
FNF:6
FNH:1
FNDA:1,listContacts
FNDA:0,getContactById
FNDA:0,removeContact
FNDA:0,addContact
FNDA:0,updateContact
FNDA:0,getStatisticsContacts
DA:1,1
DA:2,1
DA:3,1
DA:4,1
DA:5,1
DA:6,1
DA:7,1
DA:8,1
DA:9,1
DA:10,1
DA:11,1
DA:12,1
DA:13,1
DA:14,1
DA:15,1
DA:16,0
DA:17,0
DA:18,1
DA:19,0
DA:20,0
DA:21,1
DA:22,0
DA:23,0
DA:24,1
DA:25,1
DA:26,1
DA:27,1
DA:28,1
DA:29,1
DA:30,0
DA:31,0
DA:32,0
DA:33,0
DA:34,0
DA:35,0
DA:36,0
DA:37,0
DA:38,1
DA:39,1
DA:40,1
DA:41,0
DA:42,0
DA:43,1
DA:44,1
DA:45,1
DA:46,0
DA:47,0
DA:48,1
DA:49,1
DA:50,1
DA:51,0
DA:52,0
DA:53,0
DA:54,0
DA:55,0
DA:56,0
DA:57,1
DA:58,1
DA:59,1
DA:60,0
DA:61,0
DA:62,0
DA:63,0
DA:64,0
DA:65,0
DA:66,0
DA:67,0
DA:68,0
DA:69,0
DA:70,0
DA:71,0
DA:72,0
DA:73,0
DA:74,1
DA:75,1
DA:76,1
DA:77,1
DA:78,1
DA:79,1
DA:80,1
DA:81,1
DA:82,1
DA:83,1
LF:83
LH:45
BRDA:1,0,0,1
BRDA:5,1,0,1
BRDA:15,2,0,0
BRDA:18,3,0,0
BRDA:21,4,0,0
BRF:5
BRH:2
end_of_record
TN:
SF:repository/users.js
FN:3,findById
FN:7,findByEmail
FN:11,create
FN:16,updateToken
FN:20,updateAvatar
FNF:5
FNH:1
FNDA:1,findById
FNDA:0,findByEmail
FNDA:0,create
FNDA:0,updateToken
FNDA:0,updateAvatar
DA:1,2
DA:2,2
DA:3,2
DA:4,1
DA:5,2
DA:6,2
DA:7,2
DA:8,0
DA:9,2
DA:10,2
DA:11,2
DA:12,0
DA:13,0
DA:14,2
DA:15,2
DA:16,2
DA:17,0
DA:18,2
DA:19,2
DA:20,2
DA:21,0
DA:22,2
DA:23,2
DA:24,2
LF:24
LH:19
BRDA:1,0,0,2
BRDA:3,1,0,1
BRF:2
BRH:2
end_of_record
TN:
SF:routes/api/contacts/index.js
FNF:0
FNH:0
DA:1,1
DA:2,1
DA:3,1
DA:4,1
DA:5,1
DA:6,1
DA:7,1
DA:8,1
DA:9,1
DA:10,1
DA:11,1
DA:12,1
DA:13,1
DA:14,1
DA:15,1
DA:16,1
DA:17,1
DA:18,1
DA:19,1
DA:20,1
DA:21,1
DA:22,1
DA:23,1
DA:24,1
DA:25,1
DA:26,1
DA:27,1
DA:28,1
DA:29,1
DA:30,1
DA:31,1
DA:32,1
DA:33,1
DA:34,1
DA:35,1
DA:36,1
DA:37,1
DA:38,1
LF:38
LH:38
BRDA:1,0,0,1
BRF:1
BRH:1
end_of_record
TN:
SF:service/auth/index.js
FN:6,isUserExist
FN:11,create
FN:22,getUser
FN:31,getToken
FN:38,setToken
FNF:5
FNH:0
FNDA:0,isUserExist
FNDA:0,create
FNDA:0,getUser
FNDA:0,getToken
FNDA:0,setToken
DA:1,1
DA:2,1
DA:3,1
DA:4,1
DA:5,1
DA:6,1
DA:7,0
DA:8,0
DA:9,0
DA:10,1
DA:11,1
DA:12,0
DA:13,0
DA:14,0
DA:15,0
DA:16,0
DA:17,0
DA:18,0
DA:19,0
DA:20,0
DA:21,1
DA:22,1
DA:23,0
DA:24,0
DA:25,0
DA:26,0
DA:27,0
DA:28,0
DA:29,0
DA:30,1
DA:31,1
DA:32,0
DA:33,0
DA:34,0
DA:35,0
DA:36,0
DA:37,1
DA:38,1
DA:39,0
DA:40,0
DA:41,1
DA:42,1
DA:43,1
LF:43
LH:17
BRDA:1,0,0,1
BRF:1
BRH:1
end_of_record
