TN:
SF:app.js
FN:28,(anonymous_0)
FN:37,(anonymous_1)
FNF:2
FNH:1
FNDA:0,(anonymous_0)
FNDA:6,(anonymous_1)
DA:1,2
DA:2,2
DA:3,2
DA:4,2
DA:6,2
DA:7,2
DA:8,2
DA:9,2
DA:10,2
DA:11,2
DA:12,2
DA:14,2
DA:15,2
DA:17,2
DA:19,2
DA:20,2
DA:21,2
DA:22,2
DA:23,2
DA:25,2
DA:26,2
DA:28,2
DA:29,0
DA:37,2
DA:38,6
DA:46,2
LF:26
LH:25
BRDA:17,0,0,0
BRDA:17,0,1,2
BRDA:20,1,0,2
BRDA:20,1,1,0
BRDA:38,2,0,6
BRDA:38,2,1,0
BRF:6
BRH:3
end_of_record
TN:
SF:config\constant.js
FNF:0
FNH:0
DA:1,2
DA:2,2
DA:4,2
DA:5,2
DA:7,2
LF:5
LH:5
BRF:0
BRH:0
end_of_record
TN:
SF:config\pasport.js
FN:12,(anonymous_0)
FNF:1
FNH:1
FNDA:14,(anonymous_0)
DA:1,2
DA:2,2
DA:3,2
DA:4,2
DA:6,2
DA:11,2
DA:13,14
DA:14,14
DA:15,14
DA:16,0
DA:18,14
DA:19,0
DA:21,14
DA:23,0
LF:14
LH:11
BRDA:15,0,0,0
BRDA:15,0,1,14
BRDA:18,1,0,0
BRDA:18,1,1,14
BRF:4
BRH:2
end_of_record
TN:
SF:controllers\contacts.js
FN:4,(anonymous_0)
FN:28,(anonymous_1)
FN:52,(anonymous_2)
FN:79,(anonymous_3)
FN:102,(anonymous_4)
FNF:5
FNH:5
FNDA:1,(anonymous_0)
FNDA:1,(anonymous_1)
FNDA:1,(anonymous_2)
FNDA:1,(anonymous_3)
FNDA:1,(anonymous_4)
DA:1,2
DA:2,2
DA:4,2
DA:5,1
DA:6,1
DA:7,1
DA:8,1
DA:9,1
DA:17,0
DA:24,0
DA:28,2
DA:29,1
DA:30,1
DA:31,1
DA:32,1
DA:33,1
DA:41,0
DA:48,0
DA:52,2
DA:53,1
DA:54,1
DA:55,1
DA:56,1
DA:57,1
DA:58,1
DA:64,0
DA:71,0
DA:79,2
DA:80,1
DA:81,1
DA:82,1
DA:84,1
DA:85,1
DA:91,0
DA:98,0
DA:102,2
DA:103,1
DA:104,1
DA:105,1
DA:106,1
DA:112,1
DA:113,1
DA:122,0
DA:130,0
DA:137,0
DA:140,2
LF:46
LH:35
BRDA:8,0,0,1
BRDA:8,0,1,0
BRDA:32,1,0,1
BRDA:32,1,1,0
BRDA:55,2,0,1
BRDA:55,2,1,0
BRDA:55,3,0,1
BRDA:55,3,1,1
BRDA:57,4,0,1
BRDA:57,4,1,0
BRDA:84,5,0,1
BRDA:84,5,1,0
BRDA:105,6,0,1
BRDA:105,6,1,0
BRDA:112,7,0,1
BRDA:112,7,1,0
BRF:16
BRH:9
end_of_record
TN:
SF:controllers\users.js
FN:10,(anonymous_0)
FN:40,(anonymous_1)
FN:71,(anonymous_2)
FN:77,(anonymous_3)
FN:102,(anonymous_4)
FN:120,(anonymous_5)
FNF:6
FNH:4
FNDA:2,(anonymous_0)
FNDA:2,(anonymous_1)
FNDA:0,(anonymous_2)
FNDA:0,(anonymous_3)
FNDA:1,(anonymous_4)
FNDA:1,(anonymous_5)
DA:1,2
DA:2,2
DA:3,2
DA:4,2
DA:5,2
DA:6,2
DA:7,2
DA:8,2
DA:10,2
DA:11,2
DA:12,2
DA:14,2
DA:16,2
DA:17,1
DA:24,1
DA:25,1
DA:36,0
DA:40,2
DA:41,2
DA:42,2
DA:44,2
DA:45,2
DA:46,2
DA:47,1
DA:54,1
DA:55,1
DA:56,1
DA:58,1
DA:60,1
DA:68,0
DA:71,2
DA:72,0
DA:73,0
DA:74,0
DA:77,2
DA:78,0
DA:79,0
DA:81,0
DA:82,0
DA:83,0
DA:91,0
DA:98,0
DA:102,2
DA:103,1
DA:104,1
DA:105,1
DA:107,0
DA:108,0
DA:109,0
DA:117,1
DA:120,2
DA:121,1
DA:122,1
DA:123,1
DA:124,1
DA:125,1
DA:126,1
DA:130,1
DA:131,0
DA:132,0
DA:133,0
DA:134,0
DA:138,0
DA:140,0
DA:142,2
LF:65
LH:44
BRDA:16,0,0,1
BRDA:16,0,1,1
BRDA:46,1,0,1
BRDA:46,1,1,1
BRDA:46,2,0,2
BRDA:46,2,1,1
BRDA:82,3,0,0
BRDA:82,3,1,0
BRF:8
BRH:6
end_of_record
TN:
SF:helpers\constans.js
FNF:0
FNH:0
DA:1,2
DA:3,2
DA:8,2
DA:20,2
DA:22,2
DA:24,2
LF:6
LH:6
BRF:0
BRH:0
end_of_record
TN:
SF:helpers\create-dir.js
FN:3,(anonymous_0)
FN:6,(anonymous_1)
FN:7,(anonymous_2)
FN:10,(anonymous_3)
FNF:4
FNH:4
FNDA:2,(anonymous_0)
FNDA:1,(anonymous_1)
FNDA:1,(anonymous_2)
FNDA:2,(anonymous_3)
DA:1,3
DA:3,3
DA:4,2
DA:6,1
DA:7,1
DA:10,3
DA:11,2
DA:12,1
DA:16,3
LF:9
LH:9
BRDA:11,0,0,1
BRDA:11,0,1,1
BRF:2
BRH:2
end_of_record
TN:
SF:helpers\guard.js
FN:5,(anonymous_0)
FN:6,(anonymous_1)
FNF:2
FNH:2
FNDA:14,(anonymous_0)
FNDA:14,(anonymous_1)
DA:1,2
DA:2,2
DA:3,2
DA:5,2
DA:6,14
DA:7,14
DA:8,14
DA:9,0
DA:16,14
DA:17,14
DA:21,2
LF:11
LH:10
BRDA:8,0,0,0
BRDA:8,0,1,14
BRDA:8,1,0,14
BRDA:8,1,1,14
BRDA:8,1,2,14
BRF:5
BRH:4
end_of_record
TN:
SF:helpers\rate-limit.js
FN:13,(anonymous_0)
FN:26,(anonymous_1)
FNF:2
FNH:0
FNDA:0,(anonymous_0)
FNDA:0,(anonymous_1)
DA:1,2
DA:2,2
DA:8,2
DA:10,2
DA:14,0
DA:23,2
DA:27,0
DA:36,2
LF:8
LH:6
BRF:0
BRH:0
end_of_record
TN:
SF:helpers\upload.js
FN:7,(anonymous_0)
FN:10,(anonymous_1)
FN:18,(anonymous_2)
FNF:3
FNH:3
FNDA:1,(anonymous_0)
FNDA:1,(anonymous_1)
FNDA:1,(anonymous_2)
DA:1,2
DA:2,2
DA:3,2
DA:4,2
DA:6,2
DA:8,1
DA:11,1
DA:15,2
DA:19,1
DA:20,1
DA:21,1
DA:23,0
DA:27,2
LF:13
LH:12
BRDA:19,0,0,1
BRDA:19,0,1,0
BRF:2
BRH:1
end_of_record
TN:
SF:routes\api\contacts\index.js
FNF:0
FNH:0
DA:1,2
DA:2,2
DA:3,2
DA:10,2
DA:12,2
DA:14,2
DA:18,2
DA:23,2
LF:8
LH:8
BRF:0
BRH:0
end_of_record
TN:
SF:routes\api\contacts\validation.js
FN:37,(anonymous_0)
FN:51,(anonymous_1)
FN:64,(anonymous_2)
FN:67,(anonymous_3)
FNF:4
FNH:4
FNDA:7,(anonymous_0)
FNDA:7,(anonymous_1)
FNDA:5,(anonymous_2)
FNDA:2,(anonymous_3)
DA:1,2
DA:3,2
DA:4,2
DA:5,2
DA:7,2
DA:22,2
DA:37,2
DA:38,7
DA:39,7
DA:40,5
DA:41,5
DA:48,2
DA:51,2
DA:52,7
DA:54,7
DA:55,3
DA:61,4
DA:64,2
DA:65,5
DA:67,2
DA:68,2
LF:21
LH:21
BRDA:39,0,0,5
BRDA:39,0,1,2
BRDA:54,1,0,3
BRDA:54,1,1,4
BRF:4
BRH:4
end_of_record
TN:
SF:routes\api\users\index.js
FNF:0
FNH:0
DA:1,2
DA:2,2
DA:3,2
DA:4,2
DA:9,2
DA:10,2
DA:11,2
DA:13,2
DA:20,2
DA:21,2
DA:22,2
DA:23,2
DA:29,2
LF:13
LH:13
BRF:0
BRH:0
end_of_record
TN:
SF:routes\api\users\validation.js
FN:27,(anonymous_0)
FN:41,(anonymous_1)
FN:44,(anonymous_2)
FN:47,(anonymous_3)
FNF:4
FNH:4
FNDA:4,(anonymous_0)
FNDA:2,(anonymous_1)
FNDA:2,(anonymous_2)
FNDA:1,(anonymous_3)
DA:1,2
DA:2,2
DA:4,2
DA:16,2
DA:27,2
DA:28,4
DA:30,4
DA:31,0
DA:33,0
DA:39,4
DA:41,2
DA:42,2
DA:44,2
DA:45,2
DA:47,2
DA:48,1
DA:49,0
DA:56,1
LF:18
LH:15
BRDA:30,0,0,0
BRDA:30,0,1,4
BRDA:48,1,0,0
BRDA:48,1,1,1
BRF:4
BRH:2
end_of_record
